{
  "stats": {
    "suites": 1,
    "tests": 7,
    "passes": 7,
    "pending": 0,
    "failures": 0,
    "start": "2019-08-20T18:46:37.052Z",
    "end": "2019-08-20T18:46:45.253Z",
    "duration": 8201,
    "testsRegistered": 7,
    "passPercent": 100,
    "pendingPercent": 0,
    "other": 0,
    "hasOther": false,
    "skipped": 0,
    "hasSkipped": false
  },
  "results": [
    {
      "uuid": "1ddb041b-f3dc-408f-aa15-c548ae3c4491",
      "title": "",
      "fullFile": "",
      "file": "",
      "beforeHooks": [],
      "afterHooks": [],
      "tests": [],
      "suites": [
        {
          "uuid": "bc299574-832f-4b2d-993e-f57e42ea1d09",
          "title": "Network Requests",
          "fullFile": "",
          "file": "",
          "beforeHooks": [],
          "afterHooks": [],
          "tests": [
            {
              "title": "cy.server() - control behavior of network requests and responses",
              "fullTitle": "Network Requests cy.server() - control behavior of network requests and responses",
              "timedOut": null,
              "duration": 207,
              "state": "passed",
              "speed": "slow",
              "pass": true,
              "fail": false,
              "pending": false,
              "context": null,
              "code": "// https://on.cypress.io/server\ncy.server().should(function (server) {\n  // the default options on server\n  // you can override any of these options\n  expect(server.delay).to.eq(0);\n  expect(server.method).to.eq('GET');\n  expect(server.status).to.eq(200);\n  expect(server.headers).to.be.null;\n  expect(server.response).to.be.null;\n  expect(server.onRequest).to.be.undefined;\n  expect(server.onResponse).to.be.undefined;\n  expect(server.onAbort).to.be.undefined; // These options control the server behavior\n  // affecting all requests\n  // pass false to disable existing route stubs\n  expect(server.enable).to.be.true; // forces requests that don't match your routes to 404\n  expect(server.force404).to.be.false; // whitelists requests from ever being logged or stubbed\n  expect(server.whitelist).to.be.a('function');\n});\ncy.server({\n  method: 'POST',\n  delay: 1000,\n  status: 422,\n  response: {}\n}); // any route commands will now inherit the above options\n// from the server. anything we pass specifically\n// to route will override the defaults though.",
              "err": {},
              "uuid": "4b6b8ae4-f13e-4a85-91cd-f8fe4e861c51",
              "parentUUID": "bc299574-832f-4b2d-993e-f57e42ea1d09",
              "isHook": false,
              "skipped": false
            },
            {
              "title": "cy.request() - make an XHR request",
              "fullTitle": "Network Requests cy.request() - make an XHR request",
              "timedOut": null,
              "duration": 649,
              "state": "passed",
              "speed": "slow",
              "pass": true,
              "fail": false,
              "pending": false,
              "context": null,
              "code": "// https://on.cypress.io/request\ncy.request('https://jsonplaceholder.cypress.io/comments').should(function (response) {\n  expect(response.status).to.eq(200);\n  expect(response.body).to.have.length(500);\n  expect(response).to.have.property('headers');\n  expect(response).to.have.property('duration');\n});",
              "err": {},
              "uuid": "7de35919-588a-4005-b18e-e778240b2aac",
              "parentUUID": "bc299574-832f-4b2d-993e-f57e42ea1d09",
              "isHook": false,
              "skipped": false
            },
            {
              "title": "cy.request() - verify response using BDD syntax",
              "fullTitle": "Network Requests cy.request() - verify response using BDD syntax",
              "timedOut": null,
              "duration": 880,
              "state": "passed",
              "speed": "slow",
              "pass": true,
              "fail": false,
              "pending": false,
              "context": null,
              "code": "cy.request('https://jsonplaceholder.cypress.io/comments').then(function (response) {\n  // https://on.cypress.io/assertions\n  expect(response).property('status').to.equal(200);\n  expect(response).property('body').to.have.length(500);\n  expect(response).to.include.keys('headers', 'duration');\n});",
              "err": {},
              "uuid": "e06f8b8e-8bcb-4fe6-a5a5-16a531364950",
              "parentUUID": "bc299574-832f-4b2d-993e-f57e42ea1d09",
              "isHook": false,
              "skipped": false
            },
            {
              "title": "cy.request() with query parameters",
              "fullTitle": "Network Requests cy.request() with query parameters",
              "timedOut": null,
              "duration": 713,
              "state": "passed",
              "speed": "slow",
              "pass": true,
              "fail": false,
              "pending": false,
              "context": null,
              "code": "// will execute request\n// https://jsonplaceholder.cypress.io/comments?postId=1&id=3\ncy.request({\n  url: 'https://jsonplaceholder.cypress.io/comments',\n  qs: {\n    postId: 1,\n    id: 3\n  }\n}).its('body').should('be.an', 'array').and('have.length', 1).its('0') // yields first element of the array\n.should('contain', {\n  postId: 1,\n  id: 3\n});",
              "err": {},
              "uuid": "49c9687b-e220-4afb-89b6-9f7a0d9ba1b3",
              "parentUUID": "bc299574-832f-4b2d-993e-f57e42ea1d09",
              "isHook": false,
              "skipped": false
            },
            {
              "title": "cy.request() - pass result to the second request",
              "fullTitle": "Network Requests cy.request() - pass result to the second request",
              "timedOut": null,
              "duration": 533,
              "state": "passed",
              "speed": "slow",
              "pass": true,
              "fail": false,
              "pending": false,
              "context": null,
              "code": "// first, let's find out the userId of the first user we have\ncy.request('https://jsonplaceholder.cypress.io/users?_limit=1').its('body.0') // yields the first element of the returned list\n.then(function (user) {\n  expect(user).property('id').to.be.a('number'); // make a new post on behalf of the user\n  cy.request('POST', 'https://jsonplaceholder.cypress.io/posts', {\n    userId: user.id,\n    title: 'Cypress Test Runner',\n    body: 'Fast, easy and reliable testing for anything that runs in a browser.'\n  });\n}) // note that the value here is the returned value of the 2nd request\n// which is the new post object\n.then(function (response) {\n  expect(response).property('status').to.equal(201); // new entity created\n  expect(response).property('body').to.contain({\n    id: 101,\n    // there are already 100 posts, so new entity gets id 101\n    title: 'Cypress Test Runner'\n  }); // we don't know the user id here - since it was in above closure\n  // so in this test just confirm that the property is there\n  expect(response.body).property('userId').to.be.a('number');\n});",
              "err": {},
              "uuid": "7fa855a7-fa99-4b21-8d14-20fcbf671f38",
              "parentUUID": "bc299574-832f-4b2d-993e-f57e42ea1d09",
              "isHook": false,
              "skipped": false
            },
            {
              "title": "cy.request() - save response in the shared test context",
              "fullTitle": "Network Requests cy.request() - save response in the shared test context",
              "timedOut": null,
              "duration": 334,
              "state": "passed",
              "speed": "slow",
              "pass": true,
              "fail": false,
              "pending": false,
              "context": null,
              "code": "// https://on.cypress.io/variables-and-aliases\ncy.request('https://jsonplaceholder.cypress.io/users?_limit=1').its('body.0') // yields the first element of the returned list\n.as('user') // saves the object in the test context\n.then(function () {\n  // NOTE 👀\n  //  By the time this callback runs the \"as('user')\" command\n  //  has saved the user object in the test context.\n  //  To access the test context we need to use\n  //  the \"function () { ... }\" callback form,\n  //  otherwise \"this\" points at a wrong or undefined object!\n  cy.request('POST', 'https://jsonplaceholder.cypress.io/posts', {\n    userId: this.user.id,\n    title: 'Cypress Test Runner',\n    body: 'Fast, easy and reliable testing for anything that runs in a browser.'\n  }).its('body').as('post'); // save the new post from the response\n}).then(function () {\n  // When this callback runs, both \"cy.request\" API commands have finished\n  // and the test context has \"user\" and \"post\" objects set.\n  // Let's verify them.\n  expect(this.post, 'post has the right user id').property('userId').to.equal(this.user.id);\n});",
              "err": {},
              "uuid": "465d41d5-6f74-4f76-aa33-86bfef720372",
              "parentUUID": "bc299574-832f-4b2d-993e-f57e42ea1d09",
              "isHook": false,
              "skipped": false
            },
            {
              "title": "cy.route() - route responses to matching requests",
              "fullTitle": "Network Requests cy.route() - route responses to matching requests",
              "timedOut": null,
              "duration": 3708,
              "state": "passed",
              "speed": "slow",
              "pass": true,
              "fail": false,
              "pending": false,
              "context": null,
              "code": "// https://on.cypress.io/route\nvar message = 'whoa, this comment does not exist';\ncy.server(); // Listen to GET to comments/1\ncy.route('GET', 'comments/*').as('getComment'); // we have code that gets a comment when\n// the button is clicked in scripts.js\ncy.get('.network-btn').click(); // https://on.cypress.io/wait\ncy.wait('@getComment').its('status').should('eq', 200); // Listen to POST to comments\ncy.route('POST', '/comments').as('postComment'); // we have code that posts a comment when\n// the button is clicked in scripts.js\ncy.get('.network-post').click();\ncy.wait('@postComment'); // get the route\ncy.get('@postComment').should(function (xhr) {\n  expect(xhr.requestBody).to.include('email');\n  expect(xhr.requestHeaders).to.have.property('Content-Type');\n  expect(xhr.responseBody).to.have.property('name', 'Using POST in cy.route()');\n}); // Stub a response to PUT comments/ ****\ncy.route({\n  method: 'PUT',\n  url: 'comments/*',\n  status: 404,\n  response: {\n    error: message\n  },\n  delay: 500\n}).as('putComment'); // we have code that puts a comment when\n// the button is clicked in scripts.js\ncy.get('.network-put').click();\ncy.wait('@putComment'); // our 404 statusCode logic in scripts.js executed\ncy.get('.network-put-comment').should('contain', message);",
              "err": {},
              "uuid": "4e3065c5-9745-4bc6-bf96-8e00473ba3d3",
              "parentUUID": "bc299574-832f-4b2d-993e-f57e42ea1d09",
              "isHook": false,
              "skipped": false
            }
          ],
          "suites": [],
          "passes": [
            "4b6b8ae4-f13e-4a85-91cd-f8fe4e861c51",
            "7de35919-588a-4005-b18e-e778240b2aac",
            "e06f8b8e-8bcb-4fe6-a5a5-16a531364950",
            "49c9687b-e220-4afb-89b6-9f7a0d9ba1b3",
            "7fa855a7-fa99-4b21-8d14-20fcbf671f38",
            "465d41d5-6f74-4f76-aa33-86bfef720372",
            "4e3065c5-9745-4bc6-bf96-8e00473ba3d3"
          ],
          "failures": [],
          "pending": [],
          "skipped": [],
          "duration": 7024,
          "root": false,
          "rootEmpty": false,
          "_timeout": 2000
        }
      ],
      "passes": [],
      "failures": [],
      "pending": [],
      "skipped": [],
      "duration": 0,
      "root": true,
      "rootEmpty": true,
      "_timeout": 2000
    }
  ],
  "meta": {
    "mocha": {
      "version": "5.2.0"
    },
    "mochawesome": {
      "options": {
        "quiet": false,
        "reportFilename": "mochawesome",
        "saveHtml": false,
        "saveJson": true,
        "consoleReporter": "spec",
        "useInlineDiffs": false
      },
      "version": "4.1.0"
    },
    "marge": {
      "options": {
        "reportDir": "cypress/report/mochawesome-report",
        "overwrite": false,
        "html": false,
        "json": true,
        "timestamp": "mmddyyyy_HHMMss"
      },
      "version": "4.0.1"
    }
  }
}