{
  "stats": {
    "suites": 2,
    "tests": 6,
    "passes": 6,
    "pending": 0,
    "failures": 0,
    "start": "2019-08-20T18:46:09.158Z",
    "end": "2019-08-20T18:46:16.541Z",
    "duration": 7383,
    "testsRegistered": 6,
    "passPercent": 100,
    "pendingPercent": 0,
    "other": 0,
    "hasOther": false,
    "skipped": 0,
    "hasSkipped": false
  },
  "results": [
    {
      "uuid": "d3ba3ccd-5d3d-4c97-bf49-f64a2d42ae29",
      "title": "",
      "fullFile": "",
      "file": "",
      "beforeHooks": [],
      "afterHooks": [],
      "tests": [],
      "suites": [
        {
          "uuid": "c8b5abe8-bdd8-4892-aeb0-417228e7dcb4",
          "title": "Misc",
          "fullFile": "",
          "file": "",
          "beforeHooks": [],
          "afterHooks": [],
          "tests": [
            {
              "title": ".end() - end the command chain",
              "fullTitle": "Misc .end() - end the command chain",
              "timedOut": null,
              "duration": 362,
              "state": "passed",
              "speed": "slow",
              "pass": true,
              "fail": false,
              "pending": false,
              "context": null,
              "code": "// https://on.cypress.io/end\n// cy.end is useful when you want to end a chain of commands\n// and force Cypress to re-query from the root element\ncy.get('.misc-table').within(function () {\n  // ends the current chain and yields null\n  cy.contains('Cheryl').click().end(); // queries the entire table again\n  cy.contains('Charles').click();\n});",
              "err": {},
              "uuid": "fe1b159d-a427-4808-92c9-966bb24cf69c",
              "parentUUID": "c8b5abe8-bdd8-4892-aeb0-417228e7dcb4",
              "isHook": false,
              "skipped": false
            },
            {
              "title": "cy.exec() - execute a system command",
              "fullTitle": "Misc cy.exec() - execute a system command",
              "timedOut": null,
              "duration": 576,
              "state": "passed",
              "speed": "slow",
              "pass": true,
              "fail": false,
              "pending": false,
              "context": null,
              "code": "// https://on.cypress.io/exec\n// execute a system command.\n// so you can take actions necessary for\n// your test outside the scope of Cypress.\ncy.exec('echo Jane Lane').its('stdout').should('contain', 'Jane Lane'); // we can use Cypress.platform string to\n// select appropriate command\n// https://on.cypress/io/platform\ncy.log(\"Platform \".concat(Cypress.platform, \" architecture \").concat(Cypress.arch));\nif (Cypress.platform === 'win32') {\n  cy.exec('print cypress.json').its('stderr').should('be.empty');\n} else {\n  cy.exec('cat cypress.json').its('stderr').should('be.empty');\n  cy.exec('pwd').its('code').should('eq', 0);\n}",
              "err": {},
              "uuid": "e10e5e93-c9ee-48df-abaa-074fc89b0cb2",
              "parentUUID": "c8b5abe8-bdd8-4892-aeb0-417228e7dcb4",
              "isHook": false,
              "skipped": false
            },
            {
              "title": "cy.focused() - get the DOM element that has focus",
              "fullTitle": "Misc cy.focused() - get the DOM element that has focus",
              "timedOut": null,
              "duration": 276,
              "state": "passed",
              "speed": "slow",
              "pass": true,
              "fail": false,
              "pending": false,
              "context": null,
              "code": "// https://on.cypress.io/focused\ncy.get('.misc-form').find('#name').click();\ncy.focused().should('have.id', 'name');\ncy.get('.misc-form').find('#description').click();\ncy.focused().should('have.id', 'description');",
              "err": {},
              "uuid": "05921fc7-0820-4493-af9f-e933fba790b9",
              "parentUUID": "c8b5abe8-bdd8-4892-aeb0-417228e7dcb4",
              "isHook": false,
              "skipped": false
            },
            {
              "title": "cy.wrap() - wrap an object",
              "fullTitle": "Misc cy.wrap() - wrap an object",
              "timedOut": null,
              "duration": 255,
              "state": "passed",
              "speed": "slow",
              "pass": true,
              "fail": false,
              "pending": false,
              "context": null,
              "code": "// https://on.cypress.io/wrap\ncy.wrap({\n  foo: 'bar'\n}).should('have.property', 'foo').and('include', 'bar');",
              "err": {},
              "uuid": "72cc9ca2-5e1d-4b18-b610-015b688c4e4f",
              "parentUUID": "c8b5abe8-bdd8-4892-aeb0-417228e7dcb4",
              "isHook": false,
              "skipped": false
            }
          ],
          "suites": [
            {
              "uuid": "20687b6c-75da-4ba1-8251-42cdfe8cc60f",
              "title": "Cypress.Screenshot",
              "fullFile": "",
              "file": "",
              "beforeHooks": [],
              "afterHooks": [],
              "tests": [
                {
                  "title": "cy.screenshot() - take a screenshot",
                  "fullTitle": "Misc Cypress.Screenshot cy.screenshot() - take a screenshot",
                  "timedOut": null,
                  "duration": 4556,
                  "state": "passed",
                  "speed": "slow",
                  "pass": true,
                  "fail": false,
                  "pending": false,
                  "context": null,
                  "code": "// https://on.cypress.io/screenshot\ncy.screenshot('my-image');",
                  "err": {},
                  "uuid": "359c426c-955c-419a-94e7-991f1251d6c3",
                  "parentUUID": "20687b6c-75da-4ba1-8251-42cdfe8cc60f",
                  "isHook": false,
                  "skipped": false
                },
                {
                  "title": "Cypress.Screenshot.defaults() - change default config of screenshots",
                  "fullTitle": "Misc Cypress.Screenshot Cypress.Screenshot.defaults() - change default config of screenshots",
                  "timedOut": null,
                  "duration": 104,
                  "state": "passed",
                  "speed": "slow",
                  "pass": true,
                  "fail": false,
                  "pending": false,
                  "context": null,
                  "code": "Cypress.Screenshot.defaults({\n  blackout: ['.foo'],\n  capture: 'viewport',\n  clip: {\n    x: 0,\n    y: 0,\n    width: 200,\n    height: 200\n  },\n  scale: false,\n  disableTimersAndAnimations: true,\n  screenshotOnRunFailure: true,\n  beforeScreenshot: function beforeScreenshot() {},\n  afterScreenshot: function afterScreenshot() {}\n});",
                  "err": {},
                  "uuid": "59655a05-f40a-4ee5-af46-7290fc152e84",
                  "parentUUID": "20687b6c-75da-4ba1-8251-42cdfe8cc60f",
                  "isHook": false,
                  "skipped": false
                }
              ],
              "suites": [],
              "passes": [
                "359c426c-955c-419a-94e7-991f1251d6c3",
                "59655a05-f40a-4ee5-af46-7290fc152e84"
              ],
              "failures": [],
              "pending": [],
              "skipped": [],
              "duration": 4660,
              "root": false,
              "rootEmpty": false,
              "_timeout": 2000
            }
          ],
          "passes": [
            "fe1b159d-a427-4808-92c9-966bb24cf69c",
            "e10e5e93-c9ee-48df-abaa-074fc89b0cb2",
            "05921fc7-0820-4493-af9f-e933fba790b9",
            "72cc9ca2-5e1d-4b18-b610-015b688c4e4f"
          ],
          "failures": [],
          "pending": [],
          "skipped": [],
          "duration": 1469,
          "root": false,
          "rootEmpty": false,
          "_timeout": 2000
        }
      ],
      "passes": [],
      "failures": [],
      "pending": [],
      "skipped": [],
      "duration": 0,
      "root": true,
      "rootEmpty": true,
      "_timeout": 2000
    }
  ],
  "meta": {
    "mocha": {
      "version": "5.2.0"
    },
    "mochawesome": {
      "options": {
        "quiet": false,
        "reportFilename": "mochawesome",
        "saveHtml": false,
        "saveJson": true,
        "consoleReporter": "spec",
        "useInlineDiffs": false
      },
      "version": "4.1.0"
    },
    "marge": {
      "options": {
        "reportDir": "cypress/report/mochawesome-report",
        "overwrite": false,
        "html": false,
        "json": true,
        "timestamp": "mmddyyyy_HHMMss"
      },
      "version": "4.0.1"
    }
  }
}